{"level":"INFO","time":"2021-05-29T15:38:33.719+0300","msg":"starting kubemq targets connector version: ","source":"main"}
{"level":"INFO","time":"2021-05-29T15:38:33.742+0300","msg":"1 bindings loaded","source":"config"}
{"level":"ERROR","time":"2021-05-29T15:38:36.076+0300","msg":"failed to initialized binding, error loading target conntector on binding target-1, error dialing rabbitmq, dial tcp [::1]:5672: connectex: No connection could be made because the target machine actively refused it.","source":"binding-service"}
{"level":"ERROR","time":"2021-05-29T15:38:39.418+0300","msg":"failed to initialized binding: target-1, attempt: 1, error: error loading target conntector on binding target-1, error dialing rabbitmq, dial tcp [::1]:5672: connectex: No connection could be made because the target machine actively refused it.","source":"binding-service"}
{"level":"ERROR","time":"2021-05-29T15:38:42.745+0300","msg":"failed to initialized binding: target-1, attempt: 2, error: error loading target conntector on binding target-1, error dialing rabbitmq, dial tcp [::1]:5672: connectex: No connection could be made because the target machine actively refused it.","source":"binding-service"}
{"level":"ERROR","time":"2021-05-29T15:38:46.077+0300","msg":"failed to initialized binding: target-1, attempt: 3, error: error loading target conntector on binding target-1, error dialing rabbitmq, dial tcp [::1]:5672: connectex: No connection could be made because the target machine actively refused it.","source":"binding-service"}
{"level":"INFO","time":"2021-05-29T15:40:44.627+0300","msg":"starting kubemq targets connector version: ","source":"main"}
{"level":"INFO","time":"2021-05-29T15:40:44.642+0300","msg":"1 bindings loaded","source":"config"}
{"level":"ERROR","time":"2021-05-29T15:40:46.988+0300","msg":"failed to initialized binding, error loading target conntector on binding target-1, error dialing rabbitmq, dial tcp [::1]:5672: connectex: No connection could be made because the target machine actively refused it.","source":"binding-service"}
{"level":"INFO","time":"2021-05-29T15:41:39.559+0300","msg":"starting kubemq targets connector version: ","source":"main"}
{"level":"INFO","time":"2021-05-29T15:41:39.573+0300","msg":"1 bindings loaded","source":"config"}
2021-05-29T15:42:39.988+0300	INFO	starting kubemq targets connector version: 	{"source": "main"}
2021-05-29T15:42:40.003+0300	INFO	1 bindings loaded	{"source": "config"}
2021-05-29T15:42:42.356+0300	ERROR	failed to initialized binding, error loading target conntector on binding target-1, error dialing rabbitmq, dial tcp [::1]:5672: connectex: No connection could be made because the target machine actively refused it.	{"source": "binding-service"}
2021-05-29T15:42:45.711+0300	ERROR	failed to initialized binding: target-1, attempt: 1, error: error loading target conntector on binding target-1, error dialing rabbitmq, dial tcp [::1]:5672: connectex: No connection could be made because the target machine actively refused it.	{"source": "binding-service"}
2021-05-29T15:42:49.053+0300	ERROR	failed to initialized binding: target-1, attempt: 2, error: error loading target conntector on binding target-1, error dialing rabbitmq, dial tcp [::1]:5672: connectex: No connection could be made because the target machine actively refused it.	{"source": "binding-service"}
2021-05-29T15:42:52.397+0300	ERROR	failed to initialized binding: target-1, attempt: 3, error: error loading target conntector on binding target-1, error dialing rabbitmq, dial tcp [::1]:5672: connectex: No connection could be made because the target machine actively refused it.	{"source": "binding-service"}
2021-05-29T15:42:55.735+0300	ERROR	failed to initialized binding: target-1, attempt: 4, error: error loading target conntector on binding target-1, error dialing rabbitmq, dial tcp [::1]:5672: connectex: No connection could be made because the target machine actively refused it.	{"source": "binding-service"}
2021-05-29T15:42:59.066+0300	ERROR	failed to initialized binding: target-1, attempt: 5, error: error loading target conntector on binding target-1, error dialing rabbitmq, dial tcp [::1]:5672: connectex: No connection could be made because the target machine actively refused it.	{"source": "binding-service"}
2021-05-29T15:43:02.421+0300	ERROR	failed to initialized binding: target-1, attempt: 6, error: error loading target conntector on binding target-1, error dialing rabbitmq, dial tcp [::1]:5672: connectex: No connection could be made because the target machine actively refused it.	{"source": "binding-service"}
2021-05-29T15:43:05.762+0300	ERROR	failed to initialized binding: target-1, attempt: 7, error: error loading target conntector on binding target-1, error dialing rabbitmq, dial tcp [::1]:5672: connectex: No connection could be made because the target machine actively refused it.	{"source": "binding-service"}
2021-05-29T15:43:09.091+0300	ERROR	failed to initialized binding: target-1, attempt: 8, error: error loading target conntector on binding target-1, error dialing rabbitmq, dial tcp [::1]:5672: connectex: No connection could be made because the target machine actively refused it.	{"source": "binding-service"}
2021-05-29T15:43:12.417+0300	ERROR	failed to initialized binding: target-1, attempt: 9, error: error loading target conntector on binding target-1, error dialing rabbitmq, dial tcp [::1]:5672: connectex: No connection could be made because the target machine actively refused it.	{"source": "binding-service"}
2021-05-29T15:43:15.747+0300	ERROR	failed to initialized binding: target-1, attempt: 10, error: error loading target conntector on binding target-1, error dialing rabbitmq, dial tcp [::1]:5672: connectex: No connection could be made because the target machine actively refused it.	{"source": "binding-service"}
2021-05-29T15:43:19.065+0300	ERROR	failed to initialized binding: target-1, attempt: 11, error: error loading target conntector on binding target-1, error dialing rabbitmq, dial tcp [::1]:5672: connectex: No connection could be made because the target machine actively refused it.	{"source": "binding-service"}
2021-05-29T16:45:19.660+0300	INFO	generated manifest.json completed	{"source": "main"}
2021-05-29T17:01:08.027+0300	INFO	starting kubemq targets connector version: 	{"source": "main"}
2021-05-29T17:01:08.041+0300	INFO	1 bindings loaded	{"source": "config"}
2021-05-29T17:01:08.064+0300	INFO	binding: target-1 target: initialized successfully	{"source": "target-1"}
2021-05-29T17:01:08.077+0300	INFO	binding: target-1 source initialized successfully	{"source": "target-1"}
2021-05-29T17:01:08.077+0300	INFO	binding: target-1, initialized successfully	{"source": "target-1"}
2021-05-29T17:01:08.078+0300	INFO	binding: target-1, started successfully	{"source": "target-1"}
2021-05-29T17:04:42.304+0300	INFO	starting kubemq targets connector version: 	{"source": "main"}
2021-05-29T17:04:42.319+0300	INFO	1 bindings loaded	{"source": "config"}
2021-05-29T17:04:42.341+0300	INFO	binding: target-1 target: initialized successfully	{"source": "target-1"}
2021-05-29T17:04:42.351+0300	INFO	binding: target-1 source initialized successfully	{"source": "target-1"}
2021-05-29T17:04:42.351+0300	INFO	binding: target-1, initialized successfully	{"source": "target-1"}
2021-05-29T17:04:42.351+0300	INFO	binding: target-1, started successfully	{"source": "target-1"}
2021-05-29T17:05:18.233+0300	INFO	starting kubemq targets connector version: 	{"source": "main"}
2021-05-29T17:05:18.248+0300	INFO	1 bindings loaded	{"source": "config"}
2021-05-29T17:05:18.270+0300	INFO	binding: target-1 target: initialized successfully	{"source": "target-1"}
2021-05-29T17:05:18.281+0300	INFO	binding: target-1 source initialized successfully	{"source": "target-1"}
2021-05-29T17:05:18.282+0300	INFO	binding: target-1, initialized successfully	{"source": "target-1"}
2021-05-29T17:05:18.282+0300	INFO	binding: target-1, started successfully	{"source": "target-1"}
2021-05-29T17:06:06.536+0300	INFO	starting kubemq targets connector version: 	{"source": "main"}
2021-05-29T17:06:06.551+0300	INFO	1 bindings loaded	{"source": "config"}
2021-05-29T17:06:06.575+0300	INFO	binding: target-1 target: initialized successfully	{"source": "target-1"}
2021-05-29T17:06:06.586+0300	INFO	binding: target-1 source initialized successfully	{"source": "target-1"}
2021-05-29T17:06:06.586+0300	INFO	binding: target-1, initialized successfully	{"source": "target-1"}
2021-05-29T17:06:06.586+0300	INFO	binding: target-1, started successfully	{"source": "target-1"}
2021-05-29T17:06:36.156+0300	ERROR	rpc error: code = Canceled desc = context canceled	{"source": "target-1"}
2021-05-29T17:06:36.159+0300	INFO	binding: target-1, stopped successfully	{"source": "target-1"}
2021-05-29T17:10:43.407+0300	INFO	starting kubemq targets connector version: 	{"source": "main"}
2021-05-29T17:10:43.421+0300	INFO	1 bindings loaded	{"source": "config"}
2021-05-29T17:10:43.443+0300	INFO	binding: target-1 target: initialized successfully	{"source": "target-1"}
2021-05-29T17:10:43.459+0300	INFO	binding: target-1 source initialized successfully	{"source": "target-1"}
2021-05-29T17:10:43.459+0300	INFO	binding: target-1, initialized successfully	{"source": "target-1"}
2021-05-29T17:10:43.459+0300	INFO	binding: target-1, started successfully	{"source": "target-1"}
2021-05-29T17:10:45.989+0300	INFO	request: {"data":"bWVzc2FnZQ=="}, response: {"metadata":{"result":"ok"},"data":null,"is_error":false,"error":""}, error:<nil>	{"source": "target-1"}
2021-05-29T17:12:43.789+0300	ERROR	rpc error: code = Canceled desc = context canceled	{"source": "target-1"}
2021-05-29T17:12:43.792+0300	INFO	binding: target-1, stopped successfully	{"source": "target-1"}
2021-05-29T17:15:31.359+0300	INFO	generated manifest.json completed	{"source": "main"}
